        -:    0:Source:bubbleSort.c
        -:    0:Graph:bubbleSort.gcno
        -:    0:Data:bubbleSort.gcda
        -:    0:Runs:1
        -:    0:Programs:1
        -:    1:#include "bubbleSort.h"
        -:    2:
        -:    3:void bubbleSort(int * array, int len)
        -:    4:{
        4:    5:	int i 	 = 0;
        4:    6:	int j 	 = 0;
        4:    7:	int temp = 0;
        -:    8:
       40:    9:	for(i = 0; i < len; i++)
        -:   10:	{
      130:   11:		for(j = 0; j < (len - i - 1); j++)
        -:   12:		{
       49:   13:			if(array[j] > array[j+1])
        -:   14:			{
       20:   15:				temp = array[j+1];
       20:   16:				array[j+1] = array[j];
       20:   17:				array[j] = temp;
       20:   18:			}
       49:   19:		}		
       16:   20:	}	
        4:   21:}
