        -:    0:Source:TestInsertSort.c
        -:    0:Graph:TestInsertSort.gcno
        -:    0:Data:TestInsertSort.gcda
        -:    0:Runs:1
        -:    0:Programs:1
        -:    1:#include <stdio.h>
        -:    2:#include <assert.h>
        -:    3:#include "insertSort.h"
        -:    4:
function Test_one_num_insert_sort called 1 returned 100% blocks executed 66%
        -:    5:void Test_one_num_insert_sort()
        -:    6:{
        2:    7:	int array[1] = {1};
        -:    8:
        1:    9:	insertSort(array, 1);
        -:   10:
        2:   11:	assert(array[0] == 1);
branch  0 taken 0%
branch  1 taken 100%
        1:   12:}
        -:   13:
function Test_two_num_insert_sort called 1 returned 100% blocks executed 60%
        -:   14:void Test_two_num_insert_sort()
        -:   15:{
        2:   16:	int array[2] = {2, 1};
        -:   17:
        1:   18:	insertSort(array, 2);
        -:   19:
        2:   20:	assert(array[0] == 1);
branch  0 taken 0%
branch  1 taken 100%
        2:   21:	assert(array[1] == 2);
branch  0 taken 0%
branch  1 taken 100%
        1:   22:}
        -:   23:
function Test_three_num_insert_sort called 1 returned 100% blocks executed 57%
        -:   24:void Test_three_num_insert_sort()
        -:   25:{
        2:   26:        int array[3] = {3, 2, 1};
        -:   27:
        1:   28:        insertSort(array, 3);
        -:   29:
        2:   30:        assert(array[0] == 1);
branch  0 taken 0%
branch  1 taken 100%
        2:   31:        assert(array[1] == 2);
branch  0 taken 0%
branch  1 taken 100%
        2:   32:	assert(array[2] == 3);
branch  0 taken 0%
branch  1 taken 100%
        1:   33:}
        -:   34:
function Test_ten_num_insert_sort called 1 returned 100% blocks executed 52%
        -:   35:void Test_ten_num_insert_sort()
        -:   36:{
        2:   37:        int array[10] = {2, 1, 5, 7, 3, 9, 0, 6, 4, 8};
        -:   38:
        1:   39:        insertSort(array, 10);
        -:   40:
        2:   41:        assert(array[0] == 0);
branch  0 taken 0%
branch  1 taken 100%
        2:   42:	assert(array[1] == 1);
branch  0 taken 0%
branch  1 taken 100%
        2:   43:        assert(array[2] == 2);
branch  0 taken 0%
branch  1 taken 100%
        2:   44:	assert(array[3] == 3);
branch  0 taken 0%
branch  1 taken 100%
        2:   45:	assert(array[4] == 4);
branch  0 taken 0%
branch  1 taken 100%
        2:   46:	assert(array[5] == 5);
branch  0 taken 0%
branch  1 taken 100%
        2:   47:	assert(array[6] == 6);
branch  0 taken 0%
branch  1 taken 100%
        2:   48:	assert(array[7] == 7);
branch  0 taken 0%
branch  1 taken 100%
        2:   49:	assert(array[8] == 8);
branch  0 taken 0%
branch  1 taken 100%
        2:   50:	assert(array[9] == 9);
branch  0 taken 0%
branch  1 taken 100%
        1:   51:}
