        -:    0:Source:TestMain.c
        -:    0:Graph:TestMain.gcno
        -:    0:Data:TestMain.gcda
        -:    0:Runs:1
        -:    0:Programs:1
        -:    1:#include <stdio.h>
        -:    2:#include "TestBubbleSort.h"
        -:    3:
        -:    4:int main()
        -:    5:{
        1:    6:	printf("********** Start 10000 lines project **********\n");
        1:    7:	Test_one_num_sort();
        1:    8:	Test_two_num_sort();
        1:    9:	Test_three_num_sort();
        1:   10:	Test_ten_num_sort();
        1:   11:	printf("=============== All Tests Passed! =============\n");
        1:   12:	return 0;
        -:   13:}
